app/build/outputs/mapping/debug/seeds.txt
com.assistant.overlay.database.TheaterCleanupReceiver
com.assistant.overlay.database.TheaterDatabase
com.assistant.overlay.dvr.DvrProjectionService
com.assistant.overlay.database.TheaterDatabase_Impl
com.assistant.overlay.database.TheaterDatabase_Impl: TheaterDatabase_Impl()
com.assistant.overlay.database.TheaterCleanupReceiver: TheaterCleanupReceiver()
com.assistant.overlay.database.TheaterDatabase: TheaterDatabase()
com.assistant.overlay.dvr.DvrProjectionService: DvrProjectionService()
...
com.google.android.gms.internal.mlkit_vision_text_bundled_common.zbafq: byte zbB
com.google.android.gms.internal.mlkit_vision_text_bundled_common.zbafd: com.google.android.gms.internal.mlkit_vision_text_bundled_common.zbun zbi
com.google.android.gms.internal.mlkit_vision_text_bundled_common.zbgr: float zbe
com.google.android.gms.internal.mlkit_vision_text_bundled_common.zbbk: int zbd
com.google.mlkit.vision.text.internal.zzn: com.google.mlkit.vision.text.TextRecognizerOptionsInterface zzb
com.google.android.gms.internal.mlkit_vision_text_bundled_common.zbrs: float zbB
com.google.mlkit.common.sdkinternal.OptionalModuleUtils: com.google.android.gms.common.Feature FEATURE_IMAGE_CAPTION
com.google.android.gms.internal.mlkit_vision_text_bundled_common.zbaw: int zbd
com.google.android.gms.internal.mlkit_vision_text_bundled_common.zbahy: com.google.android.gms.internal.mlkit_vision_text_bundled_common.zbun zbe
com.google.mlkit.vision.text.pipeline.zbi: boolean zbb
com.google.android.gms.internal.mlkit_vision_text_bundled_common.zbja: java.lang.String zbf
com.google.android.gms.internal.mlkit_vision_text_bundled_common.zbaz: com.google.android.gms.internal.mlkit_vision_text_bundled_common.zbaz zbd
com.google.android.gms.internal.mlkit_vision_text_bundled_common.zbma: boolean zbr
com.google.mlkit.common.sdkinternal.model.RemoteModelLoader: boolean zzi
com.google.android.gms.internal.mlkit_vision_text_bundled_common.zbfc: com.google.android.gms.internal.mlkit_vision_text_bundled_common.zbfc zbb
com.google.mlkit.common.sdkinternal.model.RemoteModelDownloadManager: com.google.mlkit.common.sdkinternal.SharedPrefManager zzj
com.google.android.gms.internal.mlkit_vision_text_bundled_common.zbaif: com.google.android.gms.internal.mlkit_vision_text_bundled_common.zbaif zbb
com.google.android.gms.internal.mlkit_vision_text_bundled_common.zbpk: java.lang.String zbl
com.google.android.gms.internal.mlkit_vision_text_bundled_common.zbabc: int zbe
com.google.mlkit.common.sdkinternal.model.CustomModelLoader: com.google.mlkit.common.sdkinternal.MlKitContext zzc
com.google.android.gms.internal.mlkit_vision_text_bundled_common.zbzm: com.google.android.gms.internal.mlkit_vision_text_bundled_common.zbzm zbb
com.google.mlkit.common.sdkinternal.OptionalModuleUtils: java.lang.String ICA
com.google.android.gms.internal.mlkit_vision_text_bundled_common.zbagw: int zbh
com.google.android.gms.internal.mlkit_vision_text_bundled_common.zbaac: int zbe
com.google.mlkit.common.internal.model.zza: com.google.mlkit.common.sdkinternal.model.ModelFileHelper zzc
com.google.android.gms.internal.mlkit_vision_text_bundled_common.zbcz: com.google.android.gms.internal.mlkit_vision_text_bundled_common.zbun zbk
com.google.android.gms.internal.mlkit_vision_text_bundled_common.zbjs: float zbl
com.google.android.gms.internal.mlkit_vision_text_bundled_common.zbze: com.google.android.gms.internal.mlkit_vision_text_bundled_common.zbyg zbj
com.google.android.libraries.vision.visionkit.pipeline.zber: com.google.android.libraries.vision.visionkit.pipeline.zber zbb
com.google.android.gms.internal.mlkit_vision_text_bundled_common.zbcf: float zbj
com.google.android.gms.internal.mlkit_vision_text_bundled_common.zbxr: com.google.android.gms.internal.mlkit_vision_text_bundled_common.zbxr zbb
com.google.android.libraries.vision.visionkit.pipeline.zbg: com.google.android.libraries.vision.visionkit.pipeline.zbdd zbf
com.google.android.libraries.vision.visionkit.pipeline.zbad: int zbd
com.google.android.gms.internal.mlkit_vision_text_bundled_common.zbpk: boolean zbh
com.google.android.gms.internal.mlkit_vision_text_bundled_common.zbaee: int zbh
com.google.android.gms.internal.mlkit_vision_text_bundled_common.zbaeq: com.google.android.gms.internal.mlkit_vision_text_bundled_common.zbaeq zbb
com.google.android.gms.internal.mlkit_vision_text_bundled_common.zbaey: com.google.android.gms.internal.mlkit_vision_text_bundled_common.zbuk zbe