app/build/outputs/mapping/debug/usage.txt
com.assistant.overlay.R$id:
    public static int action_command_bar
    public static int btnCopyLog
    public static int btn_save_rom
    public static int dvr_player_view
    public static int ll_tactical_stats
    public static int rv_match_history
    public static int tv_interceptions
    public static int tv_long_pass
    public static int tv_match_id
    public static int tv_match_status
    public static int tv_possession
    public static int tv_ttl_countdown
    public static int txtCrashLog
    private void <init>()
com.assistant.overlay.R$layout:
    public static int activity_analytics_theater
    public static int activity_error
    public static int item_match_history
    private void <init>()
com.assistant.overlay.R$string
com.assistant.overlay.R$xml
com.assistant.overlay.R
com.assistant.overlay.database.MatchAnalyticsEntity:
    public synthetic void <init>(java.lang.String,long,long,java.lang.String,boolean,float,float,int,long,java.lang.String,int,kotlin.jvm.internal.DefaultConstructorMarker)
    public final java.lang.String component1()
    public final java.lang.String component10()
    public final long component2()
    public final long component3()
    public final java.lang.String component4()
    public final boolean component5()
    public final float component6()
    public final float component7()
    public final int component8()
    public final long component9()
    public final com.assistant.overlay.database.MatchAnalyticsEntity copy(java.lang.String,long,long,java.lang.String,boolean,float,float,int,long,java.lang.String)
    public static synthetic com.assistant.overlay.database.MatchAnalyticsEntity copy$default(com.assistant.overlay.database.MatchAnalyticsEntity,java.lang.String,long,long,java.lang.String,boolean,float,float,int,long,java.lang.String,int,java.lang.Object)
    public final int getDefensiveInterceptions()
    public final long getEndTimestamp()
    public final java.lang.String getErrorTimelineJson()
    public final float getLongPassEfficiency()
    public final float getPossessionPercentage()
    public final long getStartTimestamp()
    public final long getTransitionSpeedMs()
com.assistant.overlay.database.TheaterDao:
    public abstract java.util.List getActiveTheaterMatches()
    public abstract void insertMatchData(com.assistant.overlay.database.MatchAnalyticsEntity)
com.assistant.overlay.database.TheaterDao_Impl$1:
    protected void bind(androidx.sqlite.db.SupportSQLiteStatement,com.assistant.overlay.database.MatchAnalyticsEntity)
    protected synthetic bridge void bind(androidx.sqlite.db.SupportSQLiteStatement,java.lang.Object)
com.assistant.overlay.database.TheaterDao_Impl:
    public java.util.List getActiveTheaterMatches()
    public void insertMatchData(com.assistant.overlay.database.MatchAnalyticsEntity)
com.assistant.overlay.database.TheaterDatabase_Impl:
    public void clearAllTables()
com.assistant.overlay.interceptor.ActiveGestureController
com.assistant.overlay.interceptor.GodTierExecutionEngine
com.assistant.overlay.interceptor.OmnipotentGoalkeeperEngine:
    private static final java.lang.String TAG
com.assistant.overlay.interceptor.SmartAssistAccessibilityEngine$Companion:
    public final void setGlobalInstance(com.assistant.overlay.interceptor.SmartAssistAccessibilityEngine)
com.assistant.overlay.interceptor.SmartAssistAccessibilityEngine:
    private com.assistant.overlay.interceptor.ActiveGestureController dispatcher
    public void <init>()
    public static final synthetic void access$setGlobalInstance$cp(com.assistant.overlay.interceptor.SmartAssistAccessibilityEngine)
    public void onAccessibilityEvent(android.view.accessibility.AccessibilityEvent)
    public void onInterrupt()
    protected void onServiceConnected()
    public final void triggerInstantExecution(float,float,float,float)
com.assistant.overlay.interceptor.SmartAssistAccessibilityEngineKt
com.assistant.overlay.storage.MediaStoreStorageEngine
...
androidx.media3.common.util.SystemHandlerWrapper$1
androidx.media3.common.util.SystemHandlerWrapper$SystemMessage
androidx.media3.common.util.SystemHandlerWrapper
androidx.media3.common.util.TimedValueQueue:
    private static final int INITIAL_BUFFER_SIZE
    public synchronized void add(long,java.lang.Object)
    private void addUnchecked(long,java.lang.Object)
    public synchronized void clear()
    private void clearBufferOnTimeDiscontinuity(long)
    private void doubleCapacityIfFull()
    public synchronized java.lang.Object pollFirst()
    public synchronized int size()
androidx.media3.common.util.TimestampAdjuster
androidx.media3.common.util.TimestampIterator
androidx.media3.common.util.TraceUtil
androidx.media3.common.util.UnknownNull
androidx.media3.common.util.UnstableApi
androidx.media3.common.util.UriUtil
androidx.media3.common.util.Util$Api21:
    private void <init>()
androidx.media3.common.util.Util$Api29
androidx.media3.common.util.Util:
    private static final java.lang.String ISM_DASH_FORMAT_EXTENSION
    private static final java.lang.String ISM_HLS_FORMAT_EXTENSION
    private static final java.lang.String TAG
    private static java.util.HashMap languageTagReplacementMap
    private void <init>()
    public static long addWithOverflowDefault(long,long,long)
    public static int binarySearchCeil(java.util.List,java.lang.Comparable,boolean,boolean)
    public static int binarySearchCeil(int[],int,boolean,boolean)
    public static int binarySearchCeil(long[],long,boolean,boolean)
    public static int binarySearchFloor(androidx.media3.common.util.LongArray,long,boolean,boolean)
    public static int binarySearchFloor(java.util.List,java.lang.Comparable,boolean,boolean)
    public static int binarySearchFloor(int[],int,boolean,boolean)
    public static int binarySearchFloor(long[],long,boolean,boolean)
    public static java.lang.Object[] castNonNullTypeArray(java.lang.Object[])
    public static int ceilDivide(int,int)
    public static long ceilDivide(long,long)
    public static varargs boolean checkCleartextTrafficPermitted(androidx.media3.common.MediaItem[])
    public static void closeQuietly(java.io.Closeable)
    public static int compareLong(long,long)
    public static float constrainValue(float,float,float)
    public static boolean contains(android.util.SparseArray,int)
    public static boolean contains(java.lang.Object[],java.lang.Object)
androidx.media3.common.util.XmlPullParserUtil
androidx.media3.common.util.package-info
androidx.media3.container.BuildConfig
androidx.media3.container.MdtaMetadataEntry$1
androidx.media3.container.MdtaMetadataEntry
androidx.media3.container.Mp4LocationData$1
androidx.media3.container.Mp4LocationData
androidx.media3.container.Mp4TimestampData$1
androidx.media3.container.Mp4TimestampData
androidx.media3.container.Mp4Util
androidx.media3.container.NalUnitUtil$H265SpsData
androidx.media3.container.NalUnitUtil$PpsData
androidx.media3.container.NalUnitUtil$SpsData
androidx.media3.container.NalUnitUtil
androidx.media3.container.ParsableNalUnitBitArray
androidx.media3.container.R
androidx.media3.container.XmpData$1
androidx.media3.container.XmpData
androidx.media3.container.package-info
androidx.media3.database.BuildConfig
androidx.media3.database.DatabaseIOException
androidx.media3.database.DatabaseProvider
androidx.media3.database.DefaultDatabaseProvider
androidx.media3.database.ExoDatabaseProvider
androidx.media3.database.R
androidx.media3.database.StandaloneDatabaseProvider
androidx.media3.database.VersionTable
androidx.media3.database.package-info
androidx.media3.datasource.AesCipherDataSink
androidx.media3.datasource.AesCipherDataSource
androidx.media3.datasource.AesFlushingCipher
androidx.media3.datasource.AssetDataSource$AssetDataSourceException
androidx.media3.datasource.AssetDataSource
androidx.media3.datasource.BaseDataSource
androidx.media3.datasource.BuildConfig
androidx.media3.datasource.ByteArrayDataSink